<?xml version="1.0" encoding="UTF-8"?>
<testsuite name="Проверка блога по тегу" tests="1" skipped="0" failures="0" errors="0" timestamp="2022-01-30T13:09:48" hostname="WIN-2HOT7N0FG3K" time="13.907">
  <properties/>
  <testcase name="Проверка блога по тегу" classname="Проверка блога по тегу" time="13.907"/>
  <system-out><![CDATA[]]></system-out>
  <system-err><![CDATA[Starting ChromeDriver 97.0.4692.71 (adefa7837d02a07a604c1e6eff0b3a09422ab88d-refs/branch-heads/4692@{#1247}) on port 64348
Only local connections are allowed.
Please see https://chromedriver.chromium.org/security-considerations for suggestions on keeping ChromeDriver safe.
ChromeDriver was started successfully.
янв. 30, 2022 4:09:57 PM org.openqa.selenium.remote.ProtocolHandshake createSession
INFO: Detected dialect: W3C
янв. 30, 2022 4:09:57 PM org.openqa.selenium.devtools.CdpVersionFinder findNearestMatch
WARNING: Unable to find an exact match for CDP version 97, so returning the closest version found: 96
янв. 30, 2022 4:09:57 PM org.openqa.selenium.devtools.CdpVersionFinder findNearestMatch
INFO: Found CDP implementation for version 97 of 96
]]></system-err>
</testsuite>
