<?xml version="1.0" encoding="UTF-8"?>
<testsuite name="Отправка заявки для сотрудничества" tests="1" skipped="0" failures="0" errors="0" timestamp="2022-01-30T13:10:26" hostname="WIN-2HOT7N0FG3K" time="7.409">
  <properties/>
  <testcase name="Неуспешная отправка заявки для сотрудничества через форму сайта" classname="Отправка заявки для сотрудничества" time="7.409"/>
  <system-out><![CDATA[]]></system-out>
  <system-err><![CDATA[]]></system-err>
</testsuite>
